2013-07-10 22:44:19,529 INFO org.apache.hadoop.mapred.TaskTracker (main): STARTUP_MSG: 
/************************************************************
STARTUP_MSG: Starting TaskTracker
STARTUP_MSG:   host = domU-12-31-39-0E-D4-35.compute-1.internal/10.192.215.195
STARTUP_MSG:   args = []
STARTUP_MSG:   version = 1.0.3
STARTUP_MSG:   build = http://aws.amazon.com/elasticmapreduce/ -r cc0beb2693bdb70cd04bb89bdde445b080d5c30f; compiled by 'Elastic MapReduce' on Fri May 17 00:11:12 UTC 2013
************************************************************/
2013-07-10 22:44:21,390 INFO org.apache.hadoop.metrics2.impl.MetricsConfig (main): loaded properties from hadoop-metrics2.properties
2013-07-10 22:44:21,397 INFO org.apache.hadoop.metrics2.sink.cloudwatch.CloudWatchSink (main): Initializing the CloudWatchSink for metrics.
2013-07-10 22:44:21,924 INFO org.apache.hadoop.metrics2.impl.MetricsSinkAdapter (main): Sink file started
2013-07-10 22:44:22,158 INFO org.apache.hadoop.metrics2.impl.MetricsSourceAdapter (main): MBean for source MetricsSystem,sub=Stats registered.
2013-07-10 22:44:22,182 INFO org.apache.hadoop.metrics2.impl.MetricsSystemImpl (main): Scheduled snapshot period at 300 second(s).
2013-07-10 22:44:22,183 INFO org.apache.hadoop.metrics2.impl.MetricsSystemImpl (main): TaskTracker metrics system started
2013-07-10 22:44:25,216 INFO org.apache.hadoop.metrics2.impl.MetricsSourceAdapter (main): MBean for source ugi registered.
2013-07-10 22:44:25,234 WARN org.apache.hadoop.metrics2.impl.MetricsSystemImpl (main): Source name ugi already exists!
2013-07-10 22:44:32,346 INFO org.mortbay.log (main): Logging to org.slf4j.impl.Log4jLoggerAdapter(org.mortbay.log) via org.mortbay.log.Slf4jLog
2013-07-10 22:44:32,557 INFO org.apache.hadoop.http.HttpServer (main): Added global filtersafety (class=org.apache.hadoop.http.HttpServer$QuotingInputFilter)
2013-07-10 22:44:32,805 INFO org.apache.hadoop.mapred.TaskLogsTruncater (main): Initializing logs' truncater with mapRetainSize=-1 and reduceRetainSize=-1
2013-07-10 22:44:32,813 INFO org.apache.hadoop.mapred.TaskTracker (main): Starting tasktracker with owner as hadoop
2013-07-10 22:44:32,814 INFO org.apache.hadoop.mapred.TaskTracker (main): Good mapred local directories are: /mnt/var/lib/hadoop/mapred
2013-07-10 22:44:32,880 INFO org.apache.hadoop.util.NativeCodeLoader (main): Loaded the native-hadoop library
2013-07-10 22:44:32,912 INFO org.apache.hadoop.metrics2.impl.MetricsSourceAdapter (main): MBean for source jvm registered.
2013-07-10 22:44:32,912 INFO org.apache.hadoop.metrics2.impl.MetricsSourceAdapter (main): MBean for source TaskTrackerMetrics registered.
2013-07-10 22:44:32,990 INFO org.apache.hadoop.metrics2.impl.MetricsSourceAdapter (main): MBean for source RpcDetailedActivityForPort33517 registered.
2013-07-10 22:44:32,991 INFO org.apache.hadoop.metrics2.impl.MetricsSourceAdapter (main): MBean for source RpcActivityForPort33517 registered.
2013-07-10 22:44:32,992 INFO org.apache.hadoop.ipc.Server (pool-1-thread-1): Starting SocketReader
2013-07-10 22:44:33,036 INFO org.apache.hadoop.mapred.TaskTracker (main): TaskTracker up at: localhost/127.0.0.1:33517
2013-07-10 22:44:33,036 INFO org.apache.hadoop.mapred.TaskTracker (main): Starting tracker tracker_10.192.215.195:localhost/127.0.0.1:33517
2013-07-10 22:44:33,034 INFO org.apache.hadoop.ipc.Server (IPC Server Responder): IPC Server Responder: starting
2013-07-10 22:44:33,035 INFO org.apache.hadoop.ipc.Server (IPC Server listener on 33517): IPC Server listener on 33517: starting
2013-07-10 22:44:33,035 INFO org.apache.hadoop.ipc.Server (IPC Server handler 0 on 33517): IPC Server handler 0 on 33517: starting
2013-07-10 22:44:33,035 INFO org.apache.hadoop.ipc.Server (IPC Server handler 1 on 33517): IPC Server handler 1 on 33517: starting
2013-07-10 22:44:33,035 INFO org.apache.hadoop.ipc.Server (IPC Server handler 2 on 33517): IPC Server handler 2 on 33517: starting
2013-07-10 22:44:33,042 INFO org.apache.hadoop.ipc.Server (IPC Server handler 3 on 33517): IPC Server handler 3 on 33517: starting
2013-07-10 22:44:54,027 INFO org.apache.hadoop.mapred.TaskTracker (Map-events fetcher for all reduce tasks on tracker_10.192.215.195:localhost/127.0.0.1:33517): Starting thread: Map-events fetcher for all reduce tasks on tracker_10.192.215.195:localhost/127.0.0.1:33517
2013-07-10 22:44:54,135 INFO org.apache.hadoop.util.ProcessTree (main): setsid exited with exit code 0
2013-07-10 22:44:54,264 INFO org.apache.hadoop.mapred.TaskTracker (main):  Using ResourceCalculatorPlugin : org.apache.hadoop.util.LinuxResourceCalculatorPlugin@1bc1fb9
2013-07-10 22:44:54,266 WARN org.apache.hadoop.mapred.TaskTracker (main): TaskTracker's totalMemoryAllottedForTasks is -1. TaskMemoryManager is disabled.
2013-07-10 22:44:54,368 INFO org.apache.hadoop.mapred.IndexCache (main): IndexCache created with max memory = 10485760
2013-07-10 22:44:54,473 INFO org.apache.hadoop.metrics2.impl.MetricsSourceAdapter (main): MBean for source ShuffleServerMetrics registered.
2013-07-10 22:44:54,477 INFO org.apache.hadoop.http.HttpServer (main): Port returned by webServer.getConnectors()[0].getLocalPort() before open() is -1. Opening the listener on 9103
2013-07-10 22:44:54,478 INFO org.apache.hadoop.http.HttpServer (main): listener.getLocalPort() returned 9103 webServer.getConnectors()[0].getLocalPort() returned 9103
2013-07-10 22:44:54,478 INFO org.apache.hadoop.http.HttpServer (main): Jetty bound to port 9103
2013-07-10 22:44:54,478 INFO org.mortbay.log (main): jetty-6.1.26
2013-07-10 22:44:57,476 INFO org.mortbay.log (main): Started SelectChannelConnector@0.0.0.0:9103
2013-07-10 22:44:57,476 INFO org.apache.hadoop.mapred.TaskTracker (main): FILE_CACHE_SIZE for mapOutputServlet set to : 2000
